#
# There is insufficient memory for the Java Runtime Environment to continue.
# Native memory allocation (malloc) failed to allocate 968096 bytes for Chunk::new
# Possible reasons:
#   The system is out of physical RAM or swap space
#   The process is running with CompressedOops enabled, and the Java Heap may be blocking the growth of the native heap
# Possible solutions:
#   Reduce memory load on the system
#   Increase physical memory or swap space
#   Check if swap backing store is full
#   Decrease Java heap size (-Xmx/-Xms)
#   Decrease number of Java threads
#   Decrease Java thread stack sizes (-Xss)
#   Set larger code cache with -XX:ReservedCodeCacheSize=
#   JVM is running with Unscaled Compressed Oops mode in which the Java heap is
#     placed in the first 4GB address space. The Java Heap base address is the
#     maximum limit for the native heap growth. Please use -XX:HeapBaseMinAddress
#     to set the Java Heap base and to place the Java Heap above 4GB virtual address.
# This output file may be truncated or incomplete.
#
#  Out of Memory Error (arena.cpp:191), pid=12868, tid=22704
#
# JRE version: OpenJDK Runtime Environment (17.0.9) (build 17.0.9+0--11185874)
# Java VM: OpenJDK 64-Bit Server VM (17.0.9+0--11185874, mixed mode, tiered, compressed oops, compressed class ptrs, g1 gc, windows-amd64)
# No core dump will be written. Minidumps are not enabled by default on client versions of Windows
#

---------------  S U M M A R Y ------------

Command Line: --add-opens=java.base/java.util=ALL-UNNAMED --add-opens=java.base/java.lang=ALL-UNNAMED --add-opens=java.base/java.lang.invoke=ALL-UNNAMED --add-opens=java.prefs/java.util.prefs=ALL-UNNAMED --add-opens=java.base/java.nio.charset=ALL-UNNAMED --add-opens=java.base/java.net=ALL-UNNAMED --add-opens=java.base/java.util.concurrent.atomic=ALL-UNNAMED -Xmx2048m -Dfile.encoding=UTF-8 -Duser.country=US -Duser.language=en -Duser.variant -javaagent:C:\Users\user\.gradle\wrapper\dists\gradle-8.4-bin\1w5dpkrfk8irigvoxmyhowfim\gradle-8.4\lib\agents\gradle-instrumentation-agent-8.4.jar org.gradle.launcher.daemon.bootstrap.GradleDaemon 8.4

Host: AMD Ryzen 5 3500U with Radeon Vega Mobile Gfx  , 8 cores, 6G,  Windows 11 , 64 bit Build 22000 (10.0.22000.2538)
Time: Sun Jul 14 00:20:47 2024 Malay Peninsula Standard Time elapsed time: 9.788422 seconds (0d 0h 0m 9s)

---------------  T H R E A D  ---------------

Current thread (0x000001ed7f92da50):  JavaThread "C2 CompilerThread0" daemon [_thread_in_native, id=22704, stack(0x0000005db0400000,0x0000005db0500000)]


Current CompileTask:
C2:   9788 2374   !   4       java.net.URLClassLoader::findClass (47 bytes)

Stack: [0x0000005db0400000,0x0000005db0500000]
Native frames: (J=compiled Java code, j=interpreted, Vv=VM code, C=native code)
V  [jvm.dll+0x6886e9]
V  [jvm.dll+0x841e4a]
V  [jvm.dll+0x843a8e]
V  [jvm.dll+0x8440f3]
V  [jvm.dll+0x24c14f]
V  [jvm.dll+0xac44c]
V  [jvm.dll+0xaca9c]
V  [jvm.dll+0x2b376f]
V  [jvm.dll+0x590767]
V  [jvm.dll+0x226762]
V  [jvm.dll+0x226b4f]
V  [jvm.dll+0x21fc76]
V  [jvm.dll+0x21d0c1]
V  [jvm.dll+0x1a674d]
V  [jvm.dll+0x22d088]
V  [jvm.dll+0x22b1c0]
V  [jvm.dll+0x7f62f7]
V  [jvm.dll+0x7f06aa]
V  [jvm.dll+0x687565]
C  [ucrtbase.dll+0x26c0c]
C  [KERNEL32.DLL+0x153e0]
C  [ntdll.dll+0x485b]


---------------  P R O C E S S  ---------------

Threads class SMR info:
_java_thread_list=0x000001ed13b6af30, length=25, elements={
0x000001ed74837680, 0x000001ed7f6acb00, 0x000001ed7f6adc00, 0x000001ed7f92a940,
0x000001ed7f92af10, 0x000001ed7f92b8d0, 0x000001ed7f92caa0, 0x000001ed7f92da50,
0x000001ed7f92e500, 0x000001ed7f934c20, 0x000001ed7f6379a0, 0x000001ed7fba77a0,
0x000001ed14aa0710, 0x000001ed142181d0, 0x000001ed13e31490, 0x000001ed7f9a5030,
0x000001ed7fa99050, 0x000001ed14c1aff0, 0x000001ed7fb1a520, 0x000001ed137d31f0,
0x000001ed137d1db0, 0x000001ed137d1390, 0x000001ed137d2ce0, 0x000001ed137d3700,
0x000001ed137d27d0
}

Java Threads: ( => current thread )
  0x000001ed74837680 JavaThread "main" [_thread_blocked, id=936, stack(0x0000005daf700000,0x0000005daf800000)]
  0x000001ed7f6acb00 JavaThread "Reference Handler" daemon [_thread_blocked, id=9072, stack(0x0000005dafe00000,0x0000005daff00000)]
  0x000001ed7f6adc00 JavaThread "Finalizer" daemon [_thread_blocked, id=12604, stack(0x0000005daff00000,0x0000005db0000000)]
  0x000001ed7f92a940 JavaThread "Signal Dispatcher" daemon [_thread_blocked, id=23076, stack(0x0000005db0000000,0x0000005db0100000)]
  0x000001ed7f92af10 JavaThread "Attach Listener" daemon [_thread_blocked, id=24732, stack(0x0000005db0100000,0x0000005db0200000)]
  0x000001ed7f92b8d0 JavaThread "Service Thread" daemon [_thread_blocked, id=9568, stack(0x0000005db0200000,0x0000005db0300000)]
  0x000001ed7f92caa0 JavaThread "Monitor Deflation Thread" daemon [_thread_blocked, id=15472, stack(0x0000005db0300000,0x0000005db0400000)]
=>0x000001ed7f92da50 JavaThread "C2 CompilerThread0" daemon [_thread_in_native, id=22704, stack(0x0000005db0400000,0x0000005db0500000)]
  0x000001ed7f92e500 JavaThread "C1 CompilerThread0" daemon [_thread_blocked, id=13824, stack(0x0000005db0500000,0x0000005db0600000)]
  0x000001ed7f934c20 JavaThread "Sweeper thread" daemon [_thread_blocked, id=24008, stack(0x0000005db0600000,0x0000005db0700000)]
  0x000001ed7f6379a0 JavaThread "Common-Cleaner" daemon [_thread_blocked, id=18132, stack(0x0000005db0700000,0x0000005db0800000)]
  0x000001ed7fba77a0 JavaThread "Notification Thread" daemon [_thread_blocked, id=6216, stack(0x0000005db0800000,0x0000005db0900000)]
  0x000001ed14aa0710 JavaThread "Daemon health stats" [_thread_blocked, id=24096, stack(0x0000005db0e00000,0x0000005db0f00000)]
  0x000001ed142181d0 JavaThread "Incoming local TCP Connector on port 62797" [_thread_in_native, id=22096, stack(0x0000005db0f00000,0x0000005db1000000)]
  0x000001ed13e31490 JavaThread "Daemon periodic checks" [_thread_blocked, id=19872, stack(0x0000005db1000000,0x0000005db1100000)]
  0x000001ed7f9a5030 JavaThread "Daemon" [_thread_blocked, id=24404, stack(0x0000005db1100000,0x0000005db1200000)]
  0x000001ed7fa99050 JavaThread "Handler for socket connection from /127.0.0.1:62797 to /127.0.0.1:62798" [_thread_in_native, id=18820, stack(0x0000005db1200000,0x0000005db1300000)]
  0x000001ed14c1aff0 JavaThread "Cancel handler" [_thread_blocked, id=22264, stack(0x0000005db1300000,0x0000005db1400000)]
  0x000001ed7fb1a520 JavaThread "Daemon worker" [_thread_in_Java, id=23776, stack(0x0000005db1400000,0x0000005db1500000)]
  0x000001ed137d31f0 JavaThread "Asynchronous log dispatcher for DefaultDaemonConnection: socket connection from /127.0.0.1:62797 to /127.0.0.1:62798" [_thread_blocked, id=20848, stack(0x0000005db1500000,0x0000005db1600000)]
  0x000001ed137d1db0 JavaThread "Stdin handler" [_thread_blocked, id=2332, stack(0x0000005db1600000,0x0000005db1700000)]
  0x000001ed137d1390 JavaThread "Daemon client event forwarder" [_thread_blocked, id=18672, stack(0x0000005db1700000,0x0000005db1800000)]
  0x000001ed137d2ce0 JavaThread "Cache worker for journal cache (C:\Users\user\.gradle\caches\journal-1)" [_thread_blocked, id=24488, stack(0x0000005db1c00000,0x0000005db1d00000)]
  0x000001ed137d3700 JavaThread "File lock request listener" [_thread_in_native, id=23488, stack(0x0000005db1d00000,0x0000005db1e00000)]
  0x000001ed137d27d0 JavaThread "Cache worker for file hash cache (C:\Users\user\.gradle\caches\8.4\fileHashes)" [_thread_blocked, id=21056, stack(0x0000005db1e00000,0x0000005db1f00000)]

Other Threads:
  0x000001ed7f6aa450 VMThread "VM Thread" [stack: 0x0000005dafd00000,0x0000005dafe00000] [id=20492]
  0x000001ed7fba9c90 WatcherThread [stack: 0x0000005db0900000,0x0000005db0a00000] [id=20344]
  0x000001ed74895670 GCTaskThread "GC Thread#0" [stack: 0x0000005daf800000,0x0000005daf900000] [id=17600]
  0x000001ed138f4610 GCTaskThread "GC Thread#1" [stack: 0x0000005db0a00000,0x0000005db0b00000] [id=24416]
  0x000001ed131b37f0 GCTaskThread "GC Thread#2" [stack: 0x0000005db0b00000,0x0000005db0c00000] [id=14576]
  0x000001ed13a68280 GCTaskThread "GC Thread#3" [stack: 0x0000005db0c00000,0x0000005db0d00000] [id=572]
  0x000001ed13d6f340 GCTaskThread "GC Thread#4" [stack: 0x0000005db0d00000,0x0000005db0e00000] [id=16480]
  0x000001ed14c1b4d0 GCTaskThread "GC Thread#5" [stack: 0x0000005db1800000,0x0000005db1900000] [id=18588]
  0x000001ed1470ba40 GCTaskThread "GC Thread#6" [stack: 0x0000005db1900000,0x0000005db1a00000] [id=17412]
  0x000001ed14fda9f0 GCTaskThread "GC Thread#7" [stack: 0x0000005db1a00000,0x0000005db1b00000] [id=25268]
  0x000001ed748a65c0 ConcurrentGCThread "G1 Main Marker" [stack: 0x0000005daf900000,0x0000005dafa00000] [id=23316]
  0x000001ed748a6fe0 ConcurrentGCThread "G1 Conc#0" [stack: 0x0000005dafa00000,0x0000005dafb00000] [id=23004]
  0x000001ed13877440 ConcurrentGCThread "G1 Conc#1" [stack: 0x0000005db1b00000,0x0000005db1c00000] [id=7196]
  0x000001ed7f5024b0 ConcurrentGCThread "G1 Refine#0" [stack: 0x0000005dafb00000,0x0000005dafc00000] [id=17908]
  0x000001ed7f502df0 ConcurrentGCThread "G1 Service" [stack: 0x0000005dafc00000,0x0000005dafd00000] [id=4556]

Threads with active compile tasks:
C2 CompilerThread0     9833 2374   !   4       java.net.URLClassLoader::findClass (47 bytes)

VM state: not at safepoint (normal execution)

VM Mutex/Monitor currently owned by a thread: None

Heap address: 0x0000000080000000, size: 2048 MB, Compressed Oops mode: 32-bit

CDS archive(s) not mapped
Compressed class space mapped at: 0x0000000100000000-0x0000000140000000, reserved size: 1073741824
Narrow klass base: 0x0000000000000000, Narrow klass shift: 3, Narrow klass range: 0x140000000

GC Precious Log:
 CPUs: 8 total, 8 available
 Memory: 7103M
 Large Page Support: Disabled
 NUMA Support: Disabled
 Compressed Oops: Enabled (32-bit)
 Heap Region Size: 1M
 Heap Min Capacity: 8M
 Heap Initial Capacity: 112M
 Heap Max Capacity: 2G
 Pre-touch: Disabled
 Parallel Workers: 8
 Concurrent Workers: 2
 Concurrent Refinement Workers: 8
 Periodic GC: Disabled

Heap:
 garbage-first heap   total 71680K, used 26746K [0x0000000080000000, 0x0000000100000000)
  region size 1024K, 10 young (10240K), 3 survivors (3072K)
 Metaspace       used 27393K, committed 27712K, reserved 1114112K
  class space    used 3570K, committed 3712K, reserved 1048576K

Heap Regions: E=young(eden), S=young(survivor), O=old, HS=humongous(starts), HC=humongous(continues), CS=collection set, F=free, OA=open archive, CA=closed archive, TAMS=top-at-mark-start (previous, next)
|   0|0x0000000080000000, 0x0000000080100000, 0x0000000080100000|100%|HS|  |TAMS 0x0000000080100000, 0x0000000080000000| Complete 
|   1|0x0000000080100000, 0x0000000080200000, 0x0000000080200000|100%|HC|  |TAMS 0x0000000080200000, 0x0000000080100000| Complete 
|   2|0x0000000080200000, 0x0000000080300000, 0x0000000080300000|100%|HC|  |TAMS 0x0000000080300000, 0x0000000080200000| Complete 
|   3|0x0000000080300000, 0x0000000080400000, 0x0000000080400000|100%|HC|  |TAMS 0x0000000080400000, 0x0000000080300000| Complete 
|   4|0x0000000080400000, 0x0000000080500000, 0x0000000080500000|100%| O|  |TAMS 0x0000000080500000, 0x0000000080400000| Untracked 
|   5|0x0000000080500000, 0x0000000080600000, 0x0000000080600000|100%| O|  |TAMS 0x0000000080600000, 0x0000000080500000| Untracked 
|   6|0x0000000080600000, 0x0000000080700000, 0x0000000080700000|100%| O|  |TAMS 0x0000000080700000, 0x0000000080600000| Untracked 
|   7|0x0000000080700000, 0x0000000080800000, 0x0000000080800000|100%| O|  |TAMS 0x0000000080800000, 0x0000000080700000| Untracked 
|   8|0x0000000080800000, 0x0000000080900000, 0x0000000080900000|100%| O|  |TAMS 0x0000000080900000, 0x0000000080800000| Untracked 
|   9|0x0000000080900000, 0x0000000080a00000, 0x0000000080a00000|100%| O|  |TAMS 0x0000000080a00000, 0x0000000080900000| Untracked 
|  10|0x0000000080a00000, 0x0000000080a43e00, 0x0000000080b00000| 26%| O|  |TAMS 0x0000000080a43e00, 0x0000000080a00000| Untracked 
|  11|0x0000000080b00000, 0x0000000080c00000, 0x0000000080c00000|100%| O|  |TAMS 0x0000000080b00000, 0x0000000080b00000| Untracked 
|  12|0x0000000080c00000, 0x0000000080d00000, 0x0000000080d00000|100%| O|  |TAMS 0x0000000080c00000, 0x0000000080c00000| Untracked 
|  13|0x0000000080d00000, 0x0000000080e00000, 0x0000000080e00000|100%| O|  |TAMS 0x0000000080d00000, 0x0000000080d00000| Untracked 
|  14|0x0000000080e00000, 0x0000000080f00000, 0x0000000080f00000|100%| O|  |TAMS 0x0000000080e00000, 0x0000000080e00000| Untracked 
|  15|0x0000000080f00000, 0x0000000081000000, 0x0000000081000000|100%| O|  |TAMS 0x0000000080f00000, 0x0000000080f00000| Untracked 
|  16|0x0000000081000000, 0x0000000081100000, 0x0000000081100000|100%| O|  |TAMS 0x0000000081000000, 0x0000000081000000| Untracked 
|  17|0x0000000081100000, 0x0000000081200000, 0x0000000081200000|100%| O|  |TAMS 0x0000000081100000, 0x0000000081100000| Untracked 
|  18|0x0000000081200000, 0x00000000812c1200, 0x0000000081300000| 75%| O|  |TAMS 0x0000000081200000, 0x0000000081200000| Untracked 
|  19|0x0000000081300000, 0x0000000081300000, 0x0000000081400000|  0%| F|  |TAMS 0x0000000081300000, 0x0000000081300000| Untracked 
|  20|0x0000000081400000, 0x0000000081400000, 0x0000000081500000|  0%| F|  |TAMS 0x0000000081400000, 0x0000000081400000| Untracked 
|  21|0x0000000081500000, 0x0000000081500000, 0x0000000081600000|  0%| F|  |TAMS 0x0000000081500000, 0x0000000081500000| Untracked 
|  22|0x0000000081600000, 0x0000000081600000, 0x0000000081700000|  0%| F|  |TAMS 0x0000000081600000, 0x0000000081600000| Untracked 
|  23|0x0000000081700000, 0x0000000081700000, 0x0000000081800000|  0%| F|  |TAMS 0x0000000081700000, 0x0000000081700000| Untracked 
|  24|0x0000000081800000, 0x0000000081800000, 0x0000000081900000|  0%| F|  |TAMS 0x0000000081800000, 0x0000000081800000| Untracked 
|  25|0x0000000081900000, 0x0000000081919af0, 0x0000000081a00000| 10%| S|CS|TAMS 0x0000000081900000, 0x0000000081900000| Complete 
|  26|0x0000000081a00000, 0x0000000081b00000, 0x0000000081b00000|100%| S|CS|TAMS 0x0000000081a00000, 0x0000000081a00000| Complete 
|  27|0x0000000081b00000, 0x0000000081c00000, 0x0000000081c00000|100%| S|CS|TAMS 0x0000000081b00000, 0x0000000081b00000| Complete 
|  28|0x0000000081c00000, 0x0000000081c00000, 0x0000000081d00000|  0%| F|  |TAMS 0x0000000081c00000, 0x0000000081c00000| Untracked 
|  29|0x0000000081d00000, 0x0000000081d00000, 0x0000000081e00000|  0%| F|  |TAMS 0x0000000081d00000, 0x0000000081d00000| Untracked 
|  30|0x0000000081e00000, 0x0000000081e00000, 0x0000000081f00000|  0%| F|  |TAMS 0x0000000081e00000, 0x0000000081e00000| Untracked 
|  31|0x0000000081f00000, 0x0000000081f00000, 0x0000000082000000|  0%| F|  |TAMS 0x0000000081f00000, 0x0000000081f00000| Untracked 
|  32|0x0000000082000000, 0x0000000082000000, 0x0000000082100000|  0%| F|  |TAMS 0x0000000082000000, 0x0000000082000000| Untracked 
|  33|0x0000000082100000, 0x0000000082100000, 0x0000000082200000|  0%| F|  |TAMS 0x0000000082100000, 0x0000000082100000| Untracked 
|  34|0x0000000082200000, 0x0000000082200000, 0x0000000082300000|  0%| F|  |TAMS 0x0000000082200000, 0x0000000082200000| Untracked 
|  35|0x0000000082300000, 0x0000000082300000, 0x0000000082400000|  0%| F|  |TAMS 0x0000000082300000, 0x0000000082300000| Untracked 
|  36|0x0000000082400000, 0x0000000082400000, 0x0000000082500000|  0%| F|  |TAMS 0x0000000082400000, 0x0000000082400000| Untracked 
|  37|0x0000000082500000, 0x0000000082500000, 0x0000000082600000|  0%| F|  |TAMS 0x0000000082500000, 0x0000000082500000| Untracked 
|  38|0x0000000082600000, 0x0000000082600000, 0x0000000082700000|  0%| F|  |TAMS 0x0000000082600000, 0x0000000082600000| Untracked 
|  39|0x0000000082700000, 0x0000000082700000, 0x0000000082800000|  0%| F|  |TAMS 0x0000000082700000, 0x0000000082700000| Untracked 
|  40|0x0000000082800000, 0x0000000082800000, 0x0000000082900000|  0%| F|  |TAMS 0x0000000082800000, 0x0000000082800000| Untracked 
|  41|0x0000000082900000, 0x0000000082900000, 0x0000000082a00000|  0%| F|  |TAMS 0x0000000082900000, 0x0000000082900000| Untracked 
|  42|0x0000000082a00000, 0x0000000082a00000, 0x0000000082b00000|  0%| F|  |TAMS 0x0000000082a00000, 0x0000000082a00000| Untracked 
|  43|0x0000000082b00000, 0x0000000082b00000, 0x0000000082c00000|  0%| F|  |TAMS 0x0000000082b00000, 0x0000000082b00000| Untracked 
|  44|0x0000000082c00000, 0x0000000082c00000, 0x0000000082d00000|  0%| F|  |TAMS 0x0000000082c00000, 0x0000000082c00000| Untracked 
|  45|0x0000000082d00000, 0x0000000082d00000, 0x0000000082e00000|  0%| F|  |TAMS 0x0000000082d00000, 0x0000000082d00000| Untracked 
|  46|0x0000000082e00000, 0x0000000082e00000, 0x0000000082f00000|  0%| F|  |TAMS 0x0000000082e00000, 0x0000000082e00000| Untracked 
|  47|0x0000000082f00000, 0x0000000082f00000, 0x0000000083000000|  0%| F|  |TAMS 0x0000000082f00000, 0x0000000082f00000| Untracked 
|  48|0x0000000083000000, 0x0000000083000000, 0x0000000083100000|  0%| F|  |TAMS 0x0000000083000000, 0x0000000083000000| Untracked 
|  49|0x0000000083100000, 0x0000000083100000, 0x0000000083200000|  0%| F|  |TAMS 0x0000000083100000, 0x0000000083100000| Untracked 
|  50|0x0000000083200000, 0x0000000083200000, 0x0000000083300000|  0%| F|  |TAMS 0x0000000083200000, 0x0000000083200000| Untracked 
|  51|0x0000000083300000, 0x0000000083300000, 0x0000000083400000|  0%| F|  |TAMS 0x0000000083300000, 0x0000000083300000| Untracked 
|  52|0x0000000083400000, 0x0000000083400000, 0x0000000083500000|  0%| F|  |TAMS 0x0000000083400000, 0x0000000083400000| Untracked 
|  53|0x0000000083500000, 0x0000000083500000, 0x0000000083600000|  0%| F|  |TAMS 0x0000000083500000, 0x0000000083500000| Untracked 
|  54|0x0000000083600000, 0x0000000083600000, 0x0000000083700000|  0%| F|  |TAMS 0x0000000083600000, 0x0000000083600000| Untracked 
|  55|0x0000000083700000, 0x0000000083700000, 0x0000000083800000|  0%| F|  |TAMS 0x0000000083700000, 0x0000000083700000| Untracked 
|  56|0x0000000083800000, 0x0000000083800000, 0x0000000083900000|  0%| F|  |TAMS 0x0000000083800000, 0x0000000083800000| Untracked 
|  57|0x0000000083900000, 0x0000000083900000, 0x0000000083a00000|  0%| F|  |TAMS 0x0000000083900000, 0x0000000083900000| Untracked 
|  58|0x0000000083a00000, 0x0000000083a00000, 0x0000000083b00000|  0%| F|  |TAMS 0x0000000083a00000, 0x0000000083a00000| Untracked 
|  59|0x0000000083b00000, 0x0000000083b00000, 0x0000000083c00000|  0%| F|  |TAMS 0x0000000083b00000, 0x0000000083b00000| Untracked 
|  60|0x0000000083c00000, 0x0000000083c00000, 0x0000000083d00000|  0%| F|  |TAMS 0x0000000083c00000, 0x0000000083c00000| Untracked 
|  61|0x0000000083d00000, 0x0000000083d00000, 0x0000000083e00000|  0%| F|  |TAMS 0x0000000083d00000, 0x0000000083d00000| Untracked 
|  62|0x0000000083e00000, 0x0000000083e00000, 0x0000000083f00000|  0%| F|  |TAMS 0x0000000083e00000, 0x0000000083e00000| Untracked 
|  63|0x0000000083f00000, 0x0000000083febdf0, 0x0000000084000000| 92%| E|  |TAMS 0x0000000083f00000, 0x0000000083f00000| Complete 
|  64|0x0000000084000000, 0x0000000084100000, 0x0000000084100000|100%| E|CS|TAMS 0x0000000084000000, 0x0000000084000000| Complete 
|  65|0x0000000084100000, 0x0000000084200000, 0x0000000084200000|100%| E|CS|TAMS 0x0000000084100000, 0x0000000084100000| Complete 
|  66|0x0000000084200000, 0x0000000084300000, 0x0000000084300000|100%| E|CS|TAMS 0x0000000084200000, 0x0000000084200000| Complete 
|  67|0x0000000084300000, 0x0000000084400000, 0x0000000084400000|100%| E|CS|TAMS 0x0000000084300000, 0x0000000084300000| Complete 
|  68|0x0000000084400000, 0x0000000084500000, 0x0000000084500000|100%| E|CS|TAMS 0x0000000084400000, 0x0000000084400000| Complete 
| 111|0x0000000086f00000, 0x0000000087000000, 0x0000000087000000|100%| E|CS|TAMS 0x0000000086f00000, 0x0000000086f00000| Complete 

Card table byte_map: [0x000001ed78450000,0x000001ed78850000] _byte_map_base: 0x000001ed78050000

Marking Bits (Prev, Next): (CMBitMap*) 0x000001ed74895cd0, (CMBitMap*) 0x000001ed74895c90
 Prev Bits: [0x000001ed7ac50000, 0x000001ed7cc50000)
 Next Bits: [0x000001ed78c50000, 0x000001ed7ac50000)

Polling page: 0x000001ed72820000

Metaspace:

Usage:
  Non-class:     23.27 MB used.
      Class:      3.49 MB used.
       Both:     26.76 MB used.

Virtual space:
  Non-class space:       64.00 MB reserved,      23.44 MB ( 37%) committed,  1 nodes.
      Class space:        1.00 GB reserved,       3.62 MB ( <1%) committed,  1 nodes.
             Both:        1.06 GB reserved,      27.06 MB (  2%) committed. 

Chunk freelists:
   Non-Class:  7.70 MB
       Class:  12.36 MB
        Both:  20.06 MB

MaxMetaspaceSize: unlimited
CompressedClassSpaceSize: 1.00 GB
Initial GC threshold: 21.00 MB
Current GC threshold: 35.25 MB
CDS: off
MetaspaceReclaimPolicy: balanced
 - commit_granule_bytes: 65536.
 - commit_granule_words: 8192.
 - virtual_space_node_default_size: 8388608.
 - enlarge_chunks_in_place: 1.
 - new_chunks_are_fully_committed: 0.
 - uncommit_free_chunks: 1.
 - use_allocation_guard: 0.
 - handle_deallocations: 1.


Internal statistics:

num_allocs_failed_limit: 3.
num_arena_births: 210.
num_arena_deaths: 0.
num_vsnodes_births: 2.
num_vsnodes_deaths: 0.
num_space_committed: 433.
num_space_uncommitted: 0.
num_chunks_returned_to_freelist: 3.
num_chunks_taken_from_freelist: 837.
num_chunk_merges: 3.
num_chunk_splits: 557.
num_chunks_enlarged: 414.
num_inconsistent_stats: 0.

CodeHeap 'non-profiled nmethods': size=120000Kb used=1252Kb max_used=1252Kb free=118748Kb
 bounds [0x000001ed07ad0000, 0x000001ed07d40000, 0x000001ed0f000000]
CodeHeap 'profiled nmethods': size=120000Kb used=4867Kb max_used=4867Kb free=115132Kb
 bounds [0x000001ed00000000, 0x000001ed004d0000, 0x000001ed07530000]
CodeHeap 'non-nmethods': size=5760Kb used=1232Kb max_used=1275Kb free=4527Kb
 bounds [0x000001ed07530000, 0x000001ed077a0000, 0x000001ed07ad0000]
 total_blobs=2913 nmethods=2373 adapters=452
 compilation: enabled
              stopped_count=0, restarted_count=0
 full_count=0

Compilation events (20 events):
Event: 9.529 Thread 0x000001ed7f92e500 nmethod 2368 0x000001ed004b7490 code [0x000001ed004b7640, 0x000001ed004b7788]
Event: 9.537 Thread 0x000001ed7f92e500 2370       3       org.gradle.internal.service.AbstractServiceMethod::<init> (42 bytes)
Event: 9.540 Thread 0x000001ed7f92e500 nmethod 2370 0x000001ed004b7810 code [0x000001ed004b7b60, 0x000001ed004b9668]
Event: 9.570 Thread 0x000001ed7f92da50 2372       4       java.lang.ClassNotFoundException::<init> (7 bytes)
Event: 9.577 Thread 0x000001ed7f92da50 nmethod 2372 0x000001ed07c07190 code [0x000001ed07c07320, 0x000001ed07c07a08]
Event: 9.580 Thread 0x000001ed7f92da50 2373       4       java.lang.ref.Cleaner::register (25 bytes)
Event: 9.598 Thread 0x000001ed7f92da50 nmethod 2373 0x000001ed07c07b90 code [0x000001ed07c07d40, 0x000001ed07c088b8]
Event: 9.615 Thread 0x000001ed7f92da50 2374   !   4       java.net.URLClassLoader::findClass (47 bytes)
Event: 9.631 Thread 0x000001ed7f92e500 2375       3       java.lang.Class::copyConstructors (38 bytes)
Event: 9.633 Thread 0x000001ed7f92e500 nmethod 2375 0x000001ed004b9e10 code [0x000001ed004ba080, 0x000001ed004bab98]
Event: 9.674 Thread 0x000001ed7f92e500 2378       3       java.lang.reflect.Constructor::copy (72 bytes)
Event: 9.675 Thread 0x000001ed7f92e500 nmethod 2378 0x000001ed004bb010 code [0x000001ed004bb1e0, 0x000001ed004bb598]
Event: 9.762 Thread 0x000001ed7f92e500 2381       3       java.lang.ClassLoader::definePackage (53 bytes)
Event: 9.762 Thread 0x000001ed7f92e500 nmethod 2381 0x000001ed004bb690 code [0x000001ed004bb880, 0x000001ed004bbdb8]
Event: 9.773 Thread 0x000001ed7f92e500 2382       3       java.util.stream.StreamOpFlag::fromCharacteristics (37 bytes)
Event: 9.773 Thread 0x000001ed7f92e500 nmethod 2382 0x000001ed004bc090 code [0x000001ed004bc240, 0x000001ed004bc558]
Event: 9.773 Thread 0x000001ed7f92e500 2383       3       java.util.stream.AbstractPipeline::<init> (55 bytes)
Event: 9.774 Thread 0x000001ed7f92e500 nmethod 2383 0x000001ed004bc690 code [0x000001ed004bc840, 0x000001ed004bcb18]
Event: 9.774 Thread 0x000001ed7f92e500 2384       3       java.util.stream.StreamSupport::stream (19 bytes)
Event: 9.774 Thread 0x000001ed7f92e500 nmethod 2384 0x000001ed004bcc10 code [0x000001ed004bcde0, 0x000001ed004bd208]

GC Heap History (8 events):
Event: 2.200 GC heap before
{Heap before GC invocations=0 (full 0):
 garbage-first heap   total 114688K, used 26624K [0x0000000080000000, 0x0000000100000000)
  region size 1024K, 23 young (23552K), 0 survivors (0K)
 Metaspace       used 10499K, committed 10624K, reserved 1114112K
  class space    used 1091K, committed 1152K, reserved 1048576K
}
Event: 2.215 GC heap after
{Heap after GC invocations=1 (full 0):
 garbage-first heap   total 114688K, used 10432K [0x0000000080000000, 0x0000000100000000)
  region size 1024K, 3 young (3072K), 3 survivors (3072K)
 Metaspace       used 10499K, committed 10624K, reserved 1114112K
  class space    used 1091K, committed 1152K, reserved 1048576K
}
Event: 3.468 GC heap before
{Heap before GC invocations=1 (full 0):
 garbage-first heap   total 114688K, used 38080K [0x0000000080000000, 0x0000000100000000)
  region size 1024K, 30 young (30720K), 3 survivors (3072K)
 Metaspace       used 11468K, committed 11648K, reserved 1114112K
  class space    used 1197K, committed 1280K, reserved 1048576K
}
Event: 3.478 GC heap after
{Heap after GC invocations=2 (full 0):
 garbage-first heap   total 114688K, used 12345K [0x0000000080000000, 0x0000000100000000)
  region size 1024K, 2 young (2048K), 2 survivors (2048K)
 Metaspace       used 11468K, committed 11648K, reserved 1114112K
  class space    used 1197K, committed 1280K, reserved 1048576K
}
Event: 7.316 GC heap before
{Heap before GC invocations=2 (full 0):
 garbage-first heap   total 114688K, used 59449K [0x0000000080000000, 0x0000000100000000)
  region size 1024K, 48 young (49152K), 2 survivors (2048K)
 Metaspace       used 21320K, committed 21504K, reserved 1114112K
  class space    used 2522K, committed 2624K, reserved 1048576K
}
Event: 7.327 GC heap after
{Heap after GC invocations=3 (full 0):
 garbage-first heap   total 114688K, used 18853K [0x0000000080000000, 0x0000000100000000)
  region size 1024K, 9 young (9216K), 9 survivors (9216K)
 Metaspace       used 21320K, committed 21504K, reserved 1114112K
  class space    used 2522K, committed 2624K, reserved 1048576K
}
Event: 9.517 GC heap before
{Heap before GC invocations=4 (full 0):
 garbage-first heap   total 71680K, used 52645K [0x0000000080000000, 0x0000000100000000)
  region size 1024K, 42 young (43008K), 9 survivors (9216K)
 Metaspace       used 26596K, committed 26816K, reserved 1114112K
  class space    used 3427K, committed 3520K, reserved 1048576K
}
Event: 9.524 GC heap after
{Heap after GC invocations=5 (full 0):
 garbage-first heap   total 71680K, used 20602K [0x0000000080000000, 0x0000000100000000)
  region size 1024K, 3 young (3072K), 3 survivors (3072K)
 Metaspace       used 26596K, committed 26816K, reserved 1114112K
  class space    used 3427K, committed 3520K, reserved 1048576K
}

Dll operation events (3 events):
Event: 0.039 Loaded shared library C:\Program Files\Android\Android Studio1\jbr\bin\java.dll
Event: 0.374 Loaded shared library C:\Program Files\Android\Android Studio1\jbr\bin\zip.dll
Event: 1.263 Loaded shared library C:\Program Files\Android\Android Studio1\jbr\bin\verify.dll

Deoptimization events (20 events):
Event: 7.511 Thread 0x000001ed7fb1a520 Uncommon trap: trap_request=0xffffff45 fr.pc=0x000001ed07bbccb8 relative=0x0000000000000198
Event: 7.511 Thread 0x000001ed7fb1a520 Uncommon trap: reason=unstable_if action=reinterpret pc=0x000001ed07bbccb8 method=java.util.WeakHashMap.expungeStaleEntries()V @ 9 c2
Event: 7.511 Thread 0x000001ed7fb1a520 DEOPT PACKING pc=0x000001ed07bbccb8 sp=0x0000005db14fb4c0
Event: 7.511 Thread 0x000001ed7fb1a520 DEOPT UNPACKING pc=0x000001ed075869a3 sp=0x0000005db14fb458 mode 2
Event: 8.443 Thread 0x000001ed7fb1a520 Uncommon trap: trap_request=0xffffff45 fr.pc=0x000001ed07aec7b8 relative=0x0000000000000198
Event: 8.443 Thread 0x000001ed7fb1a520 Uncommon trap: reason=unstable_if action=reinterpret pc=0x000001ed07aec7b8 method=java.util.regex.Matcher.reset()Ljava/util/regex/Matcher; @ 47 c2
Event: 8.443 Thread 0x000001ed7fb1a520 DEOPT PACKING pc=0x000001ed07aec7b8 sp=0x0000005db14fb1c0
Event: 8.443 Thread 0x000001ed7fb1a520 DEOPT UNPACKING pc=0x000001ed075869a3 sp=0x0000005db14fb150 mode 2
Event: 8.533 Thread 0x000001ed7fb1a520 Uncommon trap: trap_request=0xffffff45 fr.pc=0x000001ed07b6d6b4 relative=0x0000000000000714
Event: 8.533 Thread 0x000001ed7fb1a520 Uncommon trap: reason=unstable_if action=reinterpret pc=0x000001ed07b6d6b4 method=java.util.ArrayList.grow(I)[Ljava/lang/Object; @ 17 c2
Event: 8.533 Thread 0x000001ed7fb1a520 DEOPT PACKING pc=0x000001ed07b6d6b4 sp=0x0000005db14fd300
Event: 8.533 Thread 0x000001ed7fb1a520 DEOPT UNPACKING pc=0x000001ed075869a3 sp=0x0000005db14fd198 mode 2
Event: 8.640 Thread 0x000001ed7fb1a520 Uncommon trap: trap_request=0xffffff45 fr.pc=0x000001ed07af1110 relative=0x0000000000000a90
Event: 8.640 Thread 0x000001ed7fb1a520 Uncommon trap: reason=unstable_if action=reinterpret pc=0x000001ed07af1110 method=java.io.WinNTFileSystem.resolve(Ljava/lang/String;Ljava/lang/String;)Ljava/lang/String; @ 19 c2
Event: 8.640 Thread 0x000001ed7fb1a520 DEOPT PACKING pc=0x000001ed07af1110 sp=0x0000005db14fd1e0
Event: 8.640 Thread 0x000001ed7fb1a520 DEOPT UNPACKING pc=0x000001ed075869a3 sp=0x0000005db14fd188 mode 2
Event: 8.642 Thread 0x000001ed7fb1a520 Uncommon trap: trap_request=0xffffff45 fr.pc=0x000001ed07b48ec0 relative=0x00000000000005a0
Event: 8.642 Thread 0x000001ed7fb1a520 Uncommon trap: reason=unstable_if action=reinterpret pc=0x000001ed07b48ec0 method=java.io.File.getName()Ljava/lang/String; @ 16 c2
Event: 8.642 Thread 0x000001ed7fb1a520 DEOPT PACKING pc=0x000001ed07b48ec0 sp=0x0000005db14fd180
Event: 8.642 Thread 0x000001ed7fb1a520 DEOPT UNPACKING pc=0x000001ed075869a3 sp=0x0000005db14fd150 mode 2

Classes unloaded (0 events):
No events

Classes redefined (0 events):
No events

Internal exceptions (20 events):
Event: 7.179 Thread 0x000001ed7fb1a520 Exception <a 'java/lang/NoSuchMethodError'{0x0000000084379bf8}: 'void java.lang.invoke.DirectMethodHandle$Holder.invokeStatic(java.lang.Object, java.lang.Object)'> (0x0000000084379bf8) 
thrown [s\src\hotspot\share\interpreter\linkResolver.cpp, line 771]
Event: 7.456 Thread 0x000001ed7fb1a520 Exception <a 'java/lang/NoSuchMethodError'{0x0000000084342a58}: 'java.lang.Object java.lang.invoke.DirectMethodHandle$Holder.newInvokeSpecial(java.lang.Object, java.lang.Object, java.lang.Object, java.lang.Object, java.lang.Object, java.lang.Object)'> (0x0000000084342a58) 
thrown [s\src\hotspot\share\interpreter\linkResolver.cpp, line 771]
Event: 7.460 Thread 0x000001ed7fb1a520 Exception <a 'java/lang/NoSuchMethodError'{0x000000008435a7e8}: 'void java.lang.invoke.DirectMethodHandle$Holder.invokeSpecial(java.lang.Object, java.lang.Object, java.lang.Object, java.lang.Object, java.lang.Object)'> (0x000000008435a7e8) 
thrown [s\src\hotspot\share\interpreter\linkResolver.cpp, line 771]
Event: 7.465 Thread 0x000001ed7fb1a520 Exception <a 'java/lang/NoSuchMethodError'{0x000000008436e688}: 'void java.lang.invoke.DirectMethodHandle$Holder.invokeStaticInit(java.lang.Object, java.lang.Object)'> (0x000000008436e688) 
thrown [s\src\hotspot\share\interpreter\linkResolver.cpp, line 771]
Event: 7.519 Thread 0x000001ed7fb1a520 Exception <a 'java/lang/NoSuchMethodError'{0x0000000084275528}: 'java.lang.Object java.lang.invoke.DirectMethodHandle$Holder.newInvokeSpecial(java.lang.Object, java.lang.Object, java.lang.Object, int, java.lang.Object, java.lang.Object)'> (0x0000000084275528) 
thrown [s\src\hotspot\share\interpreter\linkResolver.cpp, line 771]
Event: 7.597 Thread 0x000001ed7fb1a520 Exception <a 'java/lang/NoSuchMethodError'{0x00000000840337d8}: 'void java.lang.invoke.DelegatingMethodHandle$Holder.reinvoke_L(java.lang.Object, java.lang.Object, java.lang.Object, java.lang.Object, java.lang.Object, java.lang.Object, java.lang.Object, java.lang.Object, java.lang.Object, java.lang.Object)'> (0x00000000840337d8) 
thrown [s\src\hotspot\share\interpreter\linkResolver.cpp, line 771]
Event: 7.599 Thread 0x000001ed7fb1a520 Exception <a 'java/lang/NoSuchMethodError'{0x000000008403bd88}: 'java.lang.Object java.lang.invoke.DirectMethodHandle$Holder.invokeSpecial(java.lang.Object, java.lang.Object, java.lang.Object, java.lang.Object, java.lang.Object, java.lang.Object, java.lang.Object, java.lang.Object, java.lang.Object, java.lang.Object)'> (0x000000008403bd88) 
thrown [s\src\hotspot\share\interpreter\linkResolver.cpp, line 771]
Event: 7.599 Thread 0x000001ed7fb1a520 Exception <a 'java/lang/NoSuchMethodError'{0x0000000084040658}: 'java.lang.Object java.lang.invoke.Invokers$Holder.invoker(java.lang.Object, java.lang.Object, java.lang.Object, java.lang.Object, java.lang.Object, java.lang.Object, java.lang.Object, java.lang.Object, java.lang.Object, java.lang.Object)'> (0x0000000084040658) 
thrown [s\src\hotspot\share\interpreter\linkResolver.cpp, line 771]
Event: 7.600 Thread 0x000001ed7fb1a520 Exception <a 'java/lang/NoSuchMethodError'{0x0000000084046c28}: 'java.lang.Object java.lang.invoke.DirectMethodHandle$Holder.invokeSpecial(java.lang.Object, java.lang.Object, java.lang.Object, java.lang.Object, java.lang.Object, java.lang.Object, java.lang.Object, java.lang.Object, java.lang.Object, java.lang.Object, java.lang.Object)'> (0x0000000084046c28) 
thrown [s\src\hotspot\share\interpreter\linkResolver.cpp, line 771]
Event: 8.297 Thread 0x000001ed7fb1a520 Exception <a 'java/lang/NoSuchMethodError'{0x0000000083153110}: 'void java.lang.invoke.DirectMethodHandle$Holder.invokeStaticInit(java.lang.Object)'> (0x0000000083153110) 
thrown [s\src\hotspot\share\interpreter\linkResolver.cpp, line 771]
Event: 8.387 Thread 0x000001ed7fb1a520 Exception <a 'java/lang/NoSuchMethodError'{0x00000000830075b8}: 'java.lang.Object java.lang.invoke.DirectMethodHandle$Holder.newInvokeSpecial(java.lang.Object, java.lang.Object, java.lang.Object, int)'> (0x00000000830075b8) 
thrown [s\src\hotspot\share\interpreter\linkResolver.cpp, line 771]
Event: 8.391 Thread 0x000001ed7fb1a520 Exception <a 'java/lang/NoSuchMethodError'{0x000000008300bee8}: 'java.lang.Object java.lang.invoke.DirectMethodHandle$Holder.invokeSpecial(java.lang.Object, java.lang.Object, java.lang.Object, java.lang.Object, int)'> (0x000000008300bee8) 
thrown [s\src\hotspot\share\interpreter\linkResolver.cpp, line 771]
Event: 8.392 Thread 0x000001ed7fb1a520 Exception <a 'java/lang/NoSuchMethodError'{0x0000000083010000}: 'java.lang.Object java.lang.invoke.Invokers$Holder.linkToTargetMethod(java.lang.Object, java.lang.Object, int, java.lang.Object)'> (0x0000000083010000) 
thrown [s\src\hotspot\share\interpreter\linkResolver.cpp, line 771]
Event: 9.282 Thread 0x000001ed7fb1a520 Exception <a 'java/lang/NoSuchMethodError'{0x0000000082148928}: 'int java.lang.invoke.DirectMethodHandle$Holder.invokeSpecialIFC(java.lang.Object, java.lang.Object, java.lang.Object, java.lang.Object)'> (0x0000000082148928) 
thrown [s\src\hotspot\share\interpreter\linkResolver.cpp, line 771]
Event: 9.284 Thread 0x000001ed7fb1a520 Exception <a 'java/lang/NoSuchMethodError'{0x0000000082157c28}: 'java.lang.Object java.lang.invoke.DirectMethodHandle$Holder.invokeInterface(java.lang.Object, java.lang.Object, java.lang.Object)'> (0x0000000082157c28) 
thrown [s\src\hotspot\share\interpreter\linkResolver.cpp, line 771]
Event: 9.287 Thread 0x000001ed7fb1a520 Exception <a 'java/lang/IncompatibleClassChangeError'{0x000000008215bae8}: Found class java.lang.Object, but interface was expected> (0x000000008215bae8) 
thrown [s\src\hotspot\share\interpreter\linkResolver.cpp, line 838]
Event: 9.374 Thread 0x000001ed7fb1a520 Exception <a 'java/lang/NoSuchMethodError'{0x0000000081f92f40}: 'int java.lang.invoke.DirectMethodHandle$Holder.invokeStatic(java.lang.Object, java.lang.Object, java.lang.Object, java.lang.Object)'> (0x0000000081f92f40) 
thrown [s\src\hotspot\share\interpreter\linkResolver.cpp, line 771]
Event: 9.375 Thread 0x000001ed7fb1a520 Exception <a 'java/lang/NoSuchMethodError'{0x0000000081f96b68}: 'java.lang.Object java.lang.invoke.Invokers$Holder.invokeExact_MT(java.lang.Object, java.lang.Object, java.lang.Object, java.lang.Object, java.lang.Object, java.lang.Object)'> (0x0000000081f96b68) 
thrown [s\src\hotspot\share\interpreter\linkResolver.cpp, line 771]
Event: 9.537 Thread 0x000001ed7fb1a520 Exception <a 'java/lang/NoSuchMethodError'{0x0000000086f69a48}: 'java.lang.Object java.lang.invoke.DirectMethodHandle$Holder.invokeSpecial(java.lang.Object, java.lang.Object, java.lang.Object, java.lang.Object, java.lang.Object, java.lang.Object, java.lang.Object, java.lang.Object, java.lang.Object)'> (0x0000000086f69a48) 
thrown [s\src\hotspot\share\interpreter\linkResolver.cpp, line 771]
Event: 9.775 Thread 0x000001ed7fb1a520 Exception <a 'java/lang/NoSuchMethodError'{0x00000000840f4a28}: 'java.lang.Object java.lang.invoke.DirectMethodHandle$Holder.invokeVirtual(java.lang.Object, java.lang.Object, java.lang.Object, java.lang.Object)'> (0x00000000840f4a28) 
thrown [s\src\hotspot\share\interpreter\linkResolver.cpp, line 771]

VM Operations (20 events):
Event: 6.461 Executing VM operation: Cleanup
Event: 6.461 Executing VM operation: Cleanup done
Event: 6.629 Executing VM operation: HandshakeAllThreads
Event: 6.629 Executing VM operation: HandshakeAllThreads done
Event: 7.316 Executing VM operation: CollectForMetadataAllocation
Event: 7.327 Executing VM operation: CollectForMetadataAllocation done
Event: 7.337 Executing VM operation: G1PauseRemark
Event: 7.340 Executing VM operation: G1PauseRemark done
Event: 7.342 Executing VM operation: G1PauseCleanup
Event: 7.346 Executing VM operation: G1PauseCleanup done
Event: 7.544 Executing VM operation: HandshakeAllThreads
Event: 7.544 Executing VM operation: HandshakeAllThreads done
Event: 8.544 Executing VM operation: Cleanup
Event: 8.545 Executing VM operation: Cleanup done
Event: 8.740 Executing VM operation: HandshakeAllThreads
Event: 8.740 Executing VM operation: HandshakeAllThreads done
Event: 8.741 Executing VM operation: HandshakeAllThreads
Event: 8.741 Executing VM operation: HandshakeAllThreads done
Event: 9.517 Executing VM operation: G1CollectForAllocation
Event: 9.524 Executing VM operation: G1CollectForAllocation done

Events (20 events):
Event: 9.345 loading class java/io/ObjectOutputStream
Event: 9.346 loading class java/io/ObjectOutput
Event: 9.346 loading class java/io/ObjectOutput done
Event: 9.347 loading class java/io/ObjectStreamConstants
Event: 9.347 loading class java/io/ObjectStreamConstants done
Event: 9.347 loading class java/io/ObjectOutputStream done
Event: 9.348 loading class java/io/ObjectInputStream
Event: 9.350 loading class java/io/ObjectInput
Event: 9.351 loading class java/io/ObjectInput done
Event: 9.351 loading class java/io/ObjectInputStream done
Event: 9.670 loading class javax/xml/parsers/ParserConfigurationException
Event: 9.671 loading class javax/xml/parsers/ParserConfigurationException done
Event: 9.671 loading class org/xml/sax/SAXException
Event: 9.672 loading class org/xml/sax/SAXException done
Event: 9.672 loading class javax/xml/xpath/XPathExpressionException
Event: 9.672 loading class javax/xml/xpath/XPathException
Event: 9.673 loading class javax/xml/xpath/XPathException done
Event: 9.673 loading class javax/xml/xpath/XPathExpressionException done
Event: 9.673 loading class org/xml/sax/ErrorHandler
Event: 9.674 loading class org/xml/sax/ErrorHandler done


Dynamic libraries:
0x00007ff644f80000 - 0x00007ff644f8a000 	C:\Program Files\Android\Android Studio1\jbr\bin\java.exe
0x00007fff4b6e0000 - 0x00007fff4b8e9000 	C:\Windows\SYSTEM32\ntdll.dll
0x00007fff49c90000 - 0x00007fff49d4d000 	C:\Windows\System32\KERNEL32.DLL
0x00007fff49170000 - 0x00007fff494f4000 	C:\Windows\System32\KERNELBASE.dll
0x00007fff49050000 - 0x00007fff49161000 	C:\Windows\System32\ucrtbase.dll
0x00007fff44240000 - 0x00007fff4425b000 	C:\Program Files\Android\Android Studio1\jbr\bin\VCRUNTIME140.dll
0x00007fff341d0000 - 0x00007fff341e7000 	C:\Program Files\Android\Android Studio1\jbr\bin\jli.dll
0x00007fff4b1b0000 - 0x00007fff4b35d000 	C:\Windows\System32\USER32.dll
0x00007fff48b40000 - 0x00007fff48b66000 	C:\Windows\System32\win32u.dll
0x00007fff38bf0000 - 0x00007fff38e95000 	C:\Windows\WinSxS\amd64_microsoft.windows.common-controls_6595b64144ccf1df_6.0.22000.120_none_9d947278b86cc467\COMCTL32.dll
0x00007fff4ab70000 - 0x00007fff4ab9a000 	C:\Windows\System32\GDI32.dll
0x00007fff4b440000 - 0x00007fff4b4e3000 	C:\Windows\System32\msvcrt.dll
0x00007fff48cd0000 - 0x00007fff48dee000 	C:\Windows\System32\gdi32full.dll
0x00007fff48b70000 - 0x00007fff48c0d000 	C:\Windows\System32\msvcp_win.dll
0x00007fff4b630000 - 0x00007fff4b661000 	C:\Windows\System32\IMM32.DLL
0x00007fff34140000 - 0x00007fff3414c000 	C:\Program Files\Android\Android Studio1\jbr\bin\vcruntime140_1.dll
0x00007fff1bd80000 - 0x00007fff1be0d000 	C:\Program Files\Android\Android Studio1\jbr\bin\msvcp140.dll
0x00007ffec5430000 - 0x00007ffec60b3000 	C:\Program Files\Android\Android Studio1\jbr\bin\server\jvm.dll
0x00007fff49850000 - 0x00007fff498fe000 	C:\Windows\System32\ADVAPI32.dll
0x00007fff4aba0000 - 0x00007fff4ac3e000 	C:\Windows\System32\sechost.dll
0x00007fff4aa00000 - 0x00007fff4ab21000 	C:\Windows\System32\RPCRT4.dll
0x00007fff449c0000 - 0x00007fff449c9000 	C:\Windows\SYSTEM32\WSOCK32.dll
0x00007fff4b0d0000 - 0x00007fff4b13f000 	C:\Windows\System32\WS2_32.dll
0x00007fff3f040000 - 0x00007fff3f04a000 	C:\Windows\SYSTEM32\VERSION.dll
0x00007fff48a10000 - 0x00007fff48a5d000 	C:\Windows\SYSTEM32\POWRPROF.dll
0x00007fff40ec0000 - 0x00007fff40ef3000 	C:\Windows\SYSTEM32\WINMM.dll
0x00007fff489f0000 - 0x00007fff48a03000 	C:\Windows\SYSTEM32\UMPDC.dll
0x00007fff47bb0000 - 0x00007fff47bc8000 	C:\Windows\SYSTEM32\kernel.appcore.dll
0x00007fff44230000 - 0x00007fff4423a000 	C:\Program Files\Android\Android Studio1\jbr\bin\jimage.dll
0x00007fff462c0000 - 0x00007fff464e1000 	C:\Windows\SYSTEM32\DBGHELP.DLL
0x00007fff30210000 - 0x00007fff30241000 	C:\Windows\SYSTEM32\dbgcore.DLL
0x00007fff48df0000 - 0x00007fff48e6f000 	C:\Windows\System32\bcryptPrimitives.dll
0x00007fff356e0000 - 0x00007fff356ee000 	C:\Program Files\Android\Android Studio1\jbr\bin\instrument.dll
0x00007fff37ff0000 - 0x00007fff38015000 	C:\Program Files\Android\Android Studio1\jbr\bin\java.dll
0x00007fff41060000 - 0x00007fff41078000 	C:\Program Files\Android\Android Studio1\jbr\bin\zip.dll
0x00007fff4a230000 - 0x00007fff4a9f5000 	C:\Windows\System32\SHELL32.dll
0x00007fff46c10000 - 0x00007fff47472000 	C:\Windows\SYSTEM32\windows.storage.dll
0x00007fff49900000 - 0x00007fff49c76000 	C:\Windows\System32\combase.dll
0x00007fff46aa0000 - 0x00007fff46c07000 	C:\Windows\SYSTEM32\wintypes.dll
0x00007fff49580000 - 0x00007fff4966a000 	C:\Windows\System32\SHCORE.dll
0x00007fff49670000 - 0x00007fff496cd000 	C:\Windows\System32\shlwapi.dll
0x00007fff48a70000 - 0x00007fff48a95000 	C:\Windows\SYSTEM32\profapi.dll
0x00007fff34320000 - 0x00007fff34339000 	C:\Program Files\Android\Android Studio1\jbr\bin\net.dll
0x00007fff420e0000 - 0x00007fff421f4000 	C:\Windows\SYSTEM32\WINHTTP.dll
0x00007fff48060000 - 0x00007fff480c7000 	C:\Windows\system32\mswsock.dll
0x00007fff34300000 - 0x00007fff34316000 	C:\Program Files\Android\Android Studio1\jbr\bin\nio.dll
0x00007fff3e070000 - 0x00007fff3e080000 	C:\Program Files\Android\Android Studio1\jbr\bin\verify.dll
0x00007fff23f40000 - 0x00007fff23f67000 	C:\Users\user\.gradle\native\c067742578af261105cb4f569cf0c3c89f3d7b1fecec35dd04571415982c5e48\windows-amd64\native-platform.dll
0x00007fff07df0000 - 0x00007fff07f34000 	C:\Users\user\.gradle\native\38dada09dfb8b06ba9b0570ebf7e218e3eb74d4ef43ca46872605cf95ebc2f47\windows-amd64\native-platform-file-events.dll
0x00007fff424e0000 - 0x00007fff424e9000 	C:\Program Files\Android\Android Studio1\jbr\bin\management.dll
0x00007fff40f20000 - 0x00007fff40f2b000 	C:\Program Files\Android\Android Studio1\jbr\bin\management_ext.dll
0x00007fff49c80000 - 0x00007fff49c88000 	C:\Windows\System32\PSAPI.DLL
0x00007fff482a0000 - 0x00007fff482b8000 	C:\Windows\SYSTEM32\CRYPTSP.dll
0x00007fff47b10000 - 0x00007fff47b45000 	C:\Windows\system32\rsaenh.dll
0x00007fff48150000 - 0x00007fff4817c000 	C:\Windows\SYSTEM32\USERENV.dll
0x00007fff48420000 - 0x00007fff48447000 	C:\Windows\SYSTEM32\bcrypt.dll
0x00007fff482c0000 - 0x00007fff482cc000 	C:\Windows\SYSTEM32\CRYPTBASE.dll
0x00007fff476d0000 - 0x00007fff476fd000 	C:\Windows\SYSTEM32\IPHLPAPI.DLL
0x00007fff4ab30000 - 0x00007fff4ab39000 	C:\Windows\System32\NSI.dll
0x00007fff41ae0000 - 0x00007fff41af9000 	C:\Windows\SYSTEM32\dhcpcsvc6.DLL
0x00007fff42d70000 - 0x00007fff42d8e000 	C:\Windows\SYSTEM32\dhcpcsvc.DLL
0x00007fff47700000 - 0x00007fff477e7000 	C:\Windows\SYSTEM32\DNSAPI.dll
0x00007fff02a50000 - 0x00007fff02a58000 	C:\Windows\system32\wshunix.dll

dbghelp: loaded successfully - version: 4.0.5 - missing functions: none
symbol engine: initialized successfully - sym options: 0x614 - pdb path: .;C:\Program Files\Android\Android Studio1\jbr\bin;C:\Windows\SYSTEM32;C:\Windows\WinSxS\amd64_microsoft.windows.common-controls_6595b64144ccf1df_6.0.22000.120_none_9d947278b86cc467;C:\Program Files\Android\Android Studio1\jbr\bin\server;C:\Users\user\.gradle\native\c067742578af261105cb4f569cf0c3c89f3d7b1fecec35dd04571415982c5e48\windows-amd64;C:\Users\user\.gradle\native\38dada09dfb8b06ba9b0570ebf7e218e3eb74d4ef43ca46872605cf95ebc2f47\windows-amd64

VM Arguments:
jvm_args: --add-opens=java.base/java.util=ALL-UNNAMED --add-opens=java.base/java.lang=ALL-UNNAMED --add-opens=java.base/java.lang.invoke=ALL-UNNAMED --add-opens=java.prefs/java.util.prefs=ALL-UNNAMED --add-opens=java.base/java.nio.charset=ALL-UNNAMED --add-opens=java.base/java.net=ALL-UNNAMED --add-opens=java.base/java.util.concurrent.atomic=ALL-UNNAMED -Xmx2048m -Dfile.encoding=UTF-8 -Duser.country=US -Duser.language=en -Duser.variant -javaagent:C:\Users\user\.gradle\wrapper\dists\gradle-8.4-bin\1w5dpkrfk8irigvoxmyhowfim\gradle-8.4\lib\agents\gradle-instrumentation-agent-8.4.jar 
java_command: org.gradle.launcher.daemon.bootstrap.GradleDaemon 8.4
java_class_path (initial): C:\Users\user\.gradle\wrapper\dists\gradle-8.4-bin\1w5dpkrfk8irigvoxmyhowfim\gradle-8.4\lib\gradle-launcher-8.4.jar
Launcher Type: SUN_STANDARD

[Global flags]
     intx CICompilerCount                          = 4                                         {product} {ergonomic}
     uint ConcGCThreads                            = 2                                         {product} {ergonomic}
     uint G1ConcRefinementThreads                  = 8                                         {product} {ergonomic}
   size_t G1HeapRegionSize                         = 1048576                                   {product} {ergonomic}
    uintx GCDrainStackTargetSize                   = 64                                        {product} {ergonomic}
   size_t InitialHeapSize                          = 117440512                                 {product} {ergonomic}
   size_t MarkStackSize                            = 4194304                                   {product} {ergonomic}
   size_t MaxHeapSize                              = 2147483648                                {product} {command line}
   size_t MaxNewSize                               = 1287651328                                {product} {ergonomic}
   size_t MinHeapDeltaBytes                        = 1048576                                   {product} {ergonomic}
   size_t MinHeapSize                              = 8388608                                   {product} {ergonomic}
    uintx NonNMethodCodeHeapSize                   = 5839372                                {pd product} {ergonomic}
    uintx NonProfiledCodeHeapSize                  = 122909434                              {pd product} {ergonomic}
    uintx ProfiledCodeHeapSize                     = 122909434                              {pd product} {ergonomic}
    uintx ReservedCodeCacheSize                    = 251658240                              {pd product} {ergonomic}
     bool SegmentedCodeCache                       = true                                      {product} {ergonomic}
   size_t SoftMaxHeapSize                          = 2147483648                             {manageable} {ergonomic}
     bool UseCompressedClassPointers               = true                           {product lp64_product} {ergonomic}
     bool UseCompressedOops                        = true                           {product lp64_product} {ergonomic}
     bool UseG1GC                                  = true                                      {product} {ergonomic}
     bool UseLargePagesIndividualAllocation        = false                                  {pd product} {ergonomic}

Logging:
Log output configuration:
 #0: stdout all=warning uptime,level,tags
 #1: stderr all=off uptime,level,tags

Environment Variables:
PATH=C:\Program Files (x86)\Common Files\Oracle\Java\javapath;C:\Windows\system32;C:\Windows;C:\Windows\System32\Wbem;C:\Windows\System32\WindowsPowerShell\v1.0\;C:\Windows\System32\OpenSSH\;C:\Program Files\dotnet\;C:\Users\user\AppData\Local\Pub\Cache\bin;C:\Program Files\nodejs\;C:\Users\user\AndroidStudioProjects\test_project;C:\apache-tomcat-9.0.72\bin;C:\Program Files\Java\jre-1.8\bin;C:\ngrok;C:\Program Files\Git\cmd;C:\Users\user\AppData\Local\Microsoft\WindowsApps;C:\flutter\bin;C:\Users\user\AppData\Local\Pub\Cache\bin;C:\Users\user\AppData\Roaming\npm;C:\Users\user\AppData\Local\Programs\Microsoft VS Code\bin
USERNAME=user
OS=Windows_NT
PROCESSOR_IDENTIFIER=AMD64 Family 23 Model 24 Stepping 1, AuthenticAMD
TMP=C:\Users\user\AppData\Local\Temp
TEMP=C:\Users\user\AppData\Local\Temp



Periodic native trim disabled

JNI global refs:
JNI global refs: 23, weak refs: 0

JNI global refs memory usage: 843, weak refs: 841

OOME stack traces (most recent first):
Classloader memory used:
Loader bootstrap                                                                       : 1886K
Loader org.gradle.internal.classloader.VisitableURLClassLoader                         : 1321K
Loader org.gradle.initialization.MixInLegacyTypesClassLoader                           : 181K
Loader jdk.internal.loader.ClassLoaders$AppClassLoader                                 : 28453B
Loader jdk.internal.loader.ClassLoaders$PlatformClassLoader                            : 14828B
Loader jdk.internal.reflect.DelegatingClassLoader                                      : 2670B

Classes loaded by more than one classloader:
Class org.gradle.internal.installation.GradleInstallation                             : loaded 2 times (x 73B)
Class org.gradle.internal.classpath.ClassPath                                         : loaded 2 times (x 68B)
Class org.gradle.api.internal.classpath.DefaultModuleRegistry                         : loaded 2 times (x 84B)
Class org.gradle.api.Action                                                           : loaded 2 times (x 68B)
Class org.gradle.api.internal.DefaultClassPathProvider                                : loaded 2 times (x 74B)
Class org.gradle.internal.installation.GradleInstallation$1                           : loaded 2 times (x 73B)
Class org.gradle.internal.classloader.FilteringClassLoader                            : loaded 2 times (x 103B)
Class org.gradle.internal.classpath.DefaultClassPath$ImmutableUniqueList$Builder      : loaded 2 times (x 73B)
Class org.gradle.internal.classloader.ClassLoaderVisitor                              : loaded 2 times (x 74B)
Class org.gradle.internal.service.DefaultServiceLocator                               : loaded 2 times (x 81B)
Class org.gradle.internal.service.UnknownServiceException                             : loaded 2 times (x 81B)
Class org.gradle.internal.classloader.VisitableURLClassLoader$Spec                    : loaded 2 times (x 72B)
Class org.gradle.api.GradleException                                                  : loaded 2 times (x 80B)
Class org.gradle.api.internal.classpath.ModuleRegistry                                : loaded 2 times (x 68B)
Class org.gradle.api.internal.ClassPathProvider                                       : loaded 2 times (x 68B)
Class org.gradle.internal.classloader.ClasspathUtil$1                                 : loaded 2 times (x 74B)
Class org.gradle.internal.classloader.ClassLoaderFactory                              : loaded 2 times (x 68B)
Class org.gradle.api.internal.classpath.ManifestUtil                                  : loaded 2 times (x 69B)
Class org.gradle.api.specs.Spec                                                       : loaded 2 times (x 68B)
Class org.gradle.internal.IoActions                                                   : loaded 2 times (x 69B)
Class org.gradle.api.internal.classpath.EffectiveClassPath                            : loaded 2 times (x 88B)
Class org.gradle.internal.installation.CurrentGradleInstallation                      : loaded 2 times (x 71B)
Class org.gradle.internal.agents.InstrumentingClassLoader                             : loaded 2 times (x 68B)
Class org.gradle.internal.installation.CurrentGradleInstallationLocator               : loaded 2 times (x 69B)
Class org.gradle.api.internal.classpath.Module                                        : loaded 2 times (x 68B)
Class org.gradle.internal.service.CachingServiceLocator                               : loaded 2 times (x 80B)
Class org.gradle.internal.classpath.DefaultClassPath                                  : loaded 2 times (x 88B)
Class org.gradle.internal.classloader.SystemClassLoaderSpec                           : loaded 2 times (x 69B)
Class org.gradle.api.UncheckedIOException                                             : loaded 2 times (x 80B)
Class org.gradle.internal.classloader.ClasspathUtil                                   : loaded 2 times (x 69B)
Class org.gradle.api.internal.DefaultClassPathRegistry                                : loaded 2 times (x 74B)
Class org.gradle.api.internal.classpath.DefaultModuleRegistry$DefaultModule           : loaded 2 times (x 84B)
Class org.gradle.api.internal.classpath.UnknownModuleException                        : loaded 2 times (x 80B)
Class org.gradle.internal.service.ServiceLookupException                              : loaded 2 times (x 80B)
Class org.gradle.cache.GlobalCache                                                    : loaded 2 times (x 68B)
Class [Lorg.gradle.api.internal.ClassPathProvider;                                    : loaded 2 times (x 67B)
Class org.gradle.util.internal.GUtil                                                  : loaded 2 times (x 69B)
Class org.gradle.internal.classloader.ClassLoaderSpec                                 : loaded 2 times (x 69B)
Class org.gradle.internal.classloader.VisitableURLClassLoader                         : loaded 2 times (x 115B)
Class org.gradle.internal.Cast                                                        : loaded 2 times (x 69B)
Class org.gradle.api.internal.ClassPathRegistry                                       : loaded 2 times (x 68B)
Class org.gradle.internal.classloader.VisitableURLClassLoader$InstrumentingVisitableURLClassLoader: loaded 2 times (x 121B)
Class org.gradle.internal.classloader.ClassLoaderHierarchy                            : loaded 2 times (x 68B)
Class org.gradle.internal.InternalTransformer                                         : loaded 2 times (x 68B)
Class org.gradle.internal.service.ServiceLocator                                      : loaded 2 times (x 68B)
Class org.gradle.internal.classpath.DefaultClassPath$ImmutableUniqueList              : loaded 2 times (x 159B)
Class org.gradle.internal.classpath.TransformedClassPath                              : loaded 2 times (x 94B)


---------------  S Y S T E M  ---------------

OS:
 Windows 11 , 64 bit Build 22000 (10.0.22000.2538)
OS uptime: 1 days 14:02 hours

CPU: total 8 (initial active 8) (8 cores per cpu, 2 threads per core) family 23 model 24 stepping 1 microcode 0x0, cx8, cmov, fxsr, ht, mmx, 3dnowpref, sse, sse2, sse3, ssse3, sse4a, sse4.1, sse4.2, popcnt, lzcnt, tsc, tscinvbit, avx, avx2, aes, clmul, bmi1, bmi2, adx, sha, fma, vzeroupper, clflush, clflushopt
Processor Information for all 8 processors :
  Max Mhz: 2100, Current Mhz: 2100, Mhz Limit: 2100

Memory: 4k page, system-wide physical 7103M (78M free)
TotalPageFile size 28607M (AvailPageFile size 5M)
current process WorkingSet (physical memory assigned to process): 166M, peak: 166M
current process commit charge ("private bytes"): 212M, peak: 240M

vm_info: OpenJDK 64-Bit Server VM (17.0.9+0--11185874) for windows-amd64 JRE (17.0.9+0--11185874), built on Dec  6 2023 18:57:44 by "androidbuild" with MS VC++ 16.10 / 16.11 (VS2019)

END.
